Build started 08-Jun-19 9:02:33 PM.
     1>Project "K:\_AIT\c++2\5864_c++2_Shiv\Game\Game\Game.vcxproj" on node 2 (build target(s)).
     1>InitializeBuildStatus:
         Creating "Debug\Game.unsuccessfulbuild" because "AlwaysCreate" was specified.
       ClCompile:
         C:\Program Files (x86)\Microsoft Visual Studio 10.0\VC\bin\CL.exe /c /ZI /nologo /W3 /WX- /Od /Oy- /D _MBCS /Gm /EHsc /RTC1 /MDd /GS /fp:precise /Zc:wchar_t /Zc:forScope /Fo"Debug\\" /Fd"Debug\vc100.pdb" /Gd /TP /analyze- /errorReport:prompt coinToss.cpp colours.cpp dice.cpp events.cpp main.cpp messages.cpp showText.cpp textMove.cpp
         textMove.cpp
         showText.cpp
         messages.cpp
         main.cpp
         events.cpp
         dice.cpp
     1>k:\_ait\c++2\5864_c++2_shiv\game\game\dice.cpp(9): warning C4244: 'argument' : conversion from 'time_t' to 'unsigned int', possible loss of data
     1>k:\_ait\c++2\5864_c++2_shiv\game\game\dice.cpp(20): warning C4244: 'argument' : conversion from 'time_t' to 'unsigned int', possible loss of data
         colours.cpp
         coinToss.cpp
     1>k:\_ait\c++2\5864_c++2_shiv\game\game\cointoss.cpp(10): warning C4244: 'argument' : conversion from 'time_t' to 'unsigned int', possible loss of data
         Generating Code...
       Link:
         C:\Program Files (x86)\Microsoft Visual Studio 10.0\VC\bin\link.exe /ERRORREPORT:PROMPT /OUT:"K:\_AIT\c++2\5864_c++2_Shiv\Game\Debug\Game.exe" /NOLOGO kernel32.lib user32.lib gdi32.lib winspool.lib comdlg32.lib advapi32.lib shell32.lib ole32.lib oleaut32.lib uuid.lib odbc32.lib odbccp32.lib /MANIFEST /ManifestFile:"Debug\Game.exe.intermediate.manifest" /MANIFESTUAC:"level='asInvoker' uiAccess='false'" /DEBUG /PDB:"K:\_AIT\c++2\5864_c++2_Shiv\Game\Debug\Game.pdb" /TLBID:1 /DYNAMICBASE /NXCOMPAT /IMPLIB:"K:\_AIT\c++2\5864_c++2_Shiv\Game\Debug\Game.lib" /MACHINE:X86 Debug\coinToss.obj
         Debug\colours.obj
         Debug\dice.obj
         Debug\events.obj
         Debug\main.obj
         Debug\messages.obj
         Debug\showText.obj
         Debug\textMove.obj
         LINK : K:\_AIT\c++2\5864_c++2_Shiv\Game\Debug\Game.exe not found or not built by the last incremental link; performing full link
         Game.vcxproj -> K:\_AIT\c++2\5864_c++2_Shiv\Game\Debug\Game.exe
       Manifest:
         C:\Program Files (x86)\Microsoft SDKs\Windows\v7.0A\bin\mt.exe /nologo /verbose /outputresource:"K:\_AIT\c++2\5864_c++2_Shiv\Game\Debug\Game.exe;#1" /manifest Debug\Game.exe.intermediate.manifest
       FinalizeBuildStatus:
         Deleting file "Debug\Game.unsuccessfulbuild".
         Touching "Debug\Game.lastbuildstate".
     1>Done Building Project "K:\_AIT\c++2\5864_c++2_Shiv\Game\Game\Game.vcxproj" (build target(s)).

Build succeeded.

Time Elapsed 00:00:04.16
